<?xml version="1.0" encoding="UTF-8"?>
<!-- Generated by org.testng.reporters.JUnitReportReporter -->
<testsuite hostname="DESKTOP-M7IKN4P" failures="0" tests="1" name="Test.BlazeRegistTest" time="3.319" errors="0" timestamp="2024-12-25T15:45:38 IST" skipped="0">
  <testcase classname="Test.BlazeRegistTest" name="test" time="3.319"/>
</testsuite> <!-- Test.BlazeRegistTest -->
